<?xml version="1.0" encoding="UTF-8"?>
<!-- Generated by org.testng.reporters.JUnitReportReporter -->
<testsuite hostname="LAPTOP-TB9982D8" failures="0" tests="1" name="com.shopping.appname.textcase.loginaction" time="43.363" errors="0" timestamp="29 Jan 2021 15:40:23 GMT" skipped="0">
  <testcase classname="com.shopping.appname.textcase.loginaction" name="logging" time="43.363"/>
</testsuite> <!-- com.shopping.appname.textcase.loginaction -->
